<?xml version="1.0" encoding="UTF-8"?>
<!-- Generated by org.testng.reporters.JUnitReportReporter -->
<testsuite skipped="0" hostname="LAPTOP-HAGVT14E" name="runner.Runner" tests="4" failures="0" timestamp="03 Feb 2022 15:22:04 GMT" time="7.301" errors="0">
  <testcase name="runScenario" time="1.002" classname="runner.Runner"/>
  <testcase name="runScenario" time="4.776" classname="runner.Runner"/>
  <testcase name="runScenario" time="0.593" classname="runner.Runner"/>
  <testcase name="runScenario" time="0.930" classname="runner.Runner"/>
</testsuite> <!-- runner.Runner -->
