<?xml version="1.0" encoding="UTF-8"?>
<!-- Generated by org.testng.reporters.JUnitReportReporter -->
<testsuite skipped="0" hostname="LAPTOP-HAGVT14E" name="services.GetAllIssue" tests="1" failures="0" timestamp="03 Feb 2022 15:22:20 GMT" time="2.836" errors="0">
  <testcase name="getAllIssue" time="2.836" classname="services.GetAllIssue"/>
</testsuite> <!-- services.GetAllIssue -->
